<?xml version="1.0" encoding="UTF-8"?>
<robot generator="Robot 7.1.1 (Python 3.13.1 on win32)" generated="2025-01-21T12:40:45.045648" rpa="false" schemaversion="5">
<suite id="s1" name="GetAllLinks" source="P:\Software Testing\Robot Framework\Programs2\GetAllLinks.robot">
<test id="s1-t1" name="GetAllLinksTC" line="5">
<kw name="Open Browser" owner="SeleniumLibrary">
<msg time="2025-01-21T12:40:45.367985" level="INFO">Opening browser 'chrome' to base url 'https://stackoverflow.com/'.</msg>
<arg>https://stackoverflow.com/</arg>
<arg>chrome</arg>
<doc>Opens a new browser instance to the optional ``url``.</doc>
<status status="PASS" start="2025-01-21T12:40:45.367724" elapsed="12.369910"/>
</kw>
<kw name="Maximize Browser Window" owner="SeleniumLibrary">
<doc>Maximizes current browser window.</doc>
<status status="PASS" start="2025-01-21T12:40:57.738253" elapsed="0.120709"/>
</kw>
<kw name="Get Element Count" owner="SeleniumLibrary">
<msg time="2025-01-21T12:40:57.892002" level="INFO">${AllLinksCount} = 101</msg>
<var>${AllLinksCount}</var>
<arg>xpath://a</arg>
<doc>Returns the number of elements matching ``locator``.</doc>
<status status="PASS" start="2025-01-21T12:40:57.859549" elapsed="0.032558"/>
</kw>
<kw name="Log To Console" owner="BuiltIn">
<arg>${AllLinksCount}</arg>
<doc>Logs the given message to the console.</doc>
<status status="PASS" start="2025-01-21T12:40:57.892815" elapsed="0.000507"/>
</kw>
<kw name="Create List" owner="BuiltIn">
<msg time="2025-01-21T12:40:57.893917" level="INFO">@{ItemLinks} = [ ]</msg>
<var>@{ItemLinks}</var>
<doc>Returns a list containing given items.</doc>
<status status="PASS" start="2025-01-21T12:40:57.893661" elapsed="0.000317"/>
</kw>
<for flavor="IN RANGE">
<iter>
<kw name="Get Text" owner="SeleniumLibrary">
<msg time="2025-01-21T12:40:57.931002" level="INFO">${LinkText} = </msg>
<var>${LinkText}</var>
<arg>xpath:(//a)[${i}]</arg>
<doc>Returns the text value of the element identified by ``locator``.</doc>
<status status="PASS" start="2025-01-21T12:40:57.895145" elapsed="0.035949"/>
</kw>
<kw name="Log To Console" owner="BuiltIn">
<arg>${LinkText}</arg>
<doc>Logs the given message to the console.</doc>
<status status="PASS" start="2025-01-21T12:40:57.931321" elapsed="0.000395"/>
</kw>
<var name="${i}">1</var>
<status status="PASS" start="2025-01-21T12:40:57.894922" elapsed="0.036939"/>
</iter>
<iter>
<kw name="Get Text" owner="SeleniumLibrary">
<msg time="2025-01-21T12:40:57.960018" level="INFO">${LinkText} = </msg>
<var>${LinkText}</var>
<arg>xpath:(//a)[${i}]</arg>
<doc>Returns the text value of the element identified by ``locator``.</doc>
<status status="PASS" start="2025-01-21T12:40:57.932288" elapsed="0.027786"/>
</kw>
<kw name="Log To Console" owner="BuiltIn">
<arg>${LinkText}</arg>
<doc>Logs the given message to the console.</doc>
<status status="PASS" start="2025-01-21T12:40:57.960307" elapsed="0.000409"/>
</kw>
<var name="${i}">2</var>
<status status="PASS" start="2025-01-21T12:40:57.932113" elapsed="0.028671"/>
</iter>
<iter>
<kw name="Get Text" owner="SeleniumLibrary">
<msg time="2025-01-21T12:40:57.982226" level="INFO">${LinkText} = </msg>
<var>${LinkText}</var>
<arg>xpath:(//a)[${i}]</arg>
<doc>Returns the text value of the element identified by ``locator``.</doc>
<status status="PASS" start="2025-01-21T12:40:57.961131" elapsed="0.021153"/>
</kw>
<kw name="Log To Console" owner="BuiltIn">
<arg>${LinkText}</arg>
<doc>Logs the given message to the console.</doc>
<status status="PASS" start="2025-01-21T12:40:57.982523" elapsed="0.000312"/>
</kw>
<var name="${i}">3</var>
<status status="PASS" start="2025-01-21T12:40:57.961011" elapsed="0.021897"/>
</iter>
<iter>
<kw name="Get Text" owner="SeleniumLibrary">
<msg time="2025-01-21T12:40:58.007904" level="INFO">${LinkText} = Skip to main content</msg>
<var>${LinkText}</var>
<arg>xpath:(//a)[${i}]</arg>
<doc>Returns the text value of the element identified by ``locator``.</doc>
<status status="PASS" start="2025-01-21T12:40:57.983191" elapsed="0.024773"/>
</kw>
<kw name="Log To Console" owner="BuiltIn">
<arg>${LinkText}</arg>
<doc>Logs the given message to the console.</doc>
<status status="PASS" start="2025-01-21T12:40:58.008204" elapsed="0.000343"/>
</kw>
<var name="${i}">4</var>
<status status="PASS" start="2025-01-21T12:40:57.983068" elapsed="0.025558"/>
</iter>
<iter>
<kw name="Get Text" owner="SeleniumLibrary">
<msg time="2025-01-21T12:40:58.029968" level="INFO">${LinkText} = </msg>
<var>${LinkText}</var>
<arg>xpath:(//a)[${i}]</arg>
<doc>Returns the text value of the element identified by ``locator``.</doc>
<status status="PASS" start="2025-01-21T12:40:58.008932" elapsed="0.021098"/>
</kw>
<kw name="Log To Console" owner="BuiltIn">
<arg>${LinkText}</arg>
<doc>Logs the given message to the console.</doc>
<status status="PASS" start="2025-01-21T12:40:58.030251" elapsed="0.000314"/>
</kw>
<var name="${i}">5</var>
<status status="PASS" start="2025-01-21T12:40:58.008804" elapsed="0.021843"/>
</iter>
<iter>
<kw name="Get Text" owner="SeleniumLibrary">
<msg time="2025-01-21T12:40:58.052760" level="INFO">${LinkText} = Stack Overflow</msg>
<var>${LinkText}</var>
<arg>xpath:(//a)[${i}]</arg>
<doc>Returns the text value of the element identified by ``locator``.</doc>
<status status="PASS" start="2025-01-21T12:40:58.030925" elapsed="0.021897"/>
</kw>
<kw name="Log To Console" owner="BuiltIn">
<arg>${LinkText}</arg>
<doc>Logs the given message to the console.</doc>
<status status="PASS" start="2025-01-21T12:40:58.053105" elapsed="0.000502"/>
</kw>
<var name="${i}">6</var>
<status status="PASS" start="2025-01-21T12:40:58.030806" elapsed="0.022909"/>
</iter>
<iter>
<kw name="Get Text" owner="SeleniumLibrary">
<msg time="2025-01-21T12:40:58.077342" level="INFO">${LinkText} = About</msg>
<var>${LinkText}</var>
<arg>xpath:(//a)[${i}]</arg>
<doc>Returns the text value of the element identified by ``locator``.</doc>
<status status="PASS" start="2025-01-21T12:40:58.054141" elapsed="0.023259"/>
</kw>
<kw name="Log To Console" owner="BuiltIn">
<arg>${LinkText}</arg>
<doc>Logs the given message to the console.</doc>
<status status="PASS" start="2025-01-21T12:40:58.077623" elapsed="0.000376"/>
</kw>
<var name="${i}">7</var>
<status status="PASS" start="2025-01-21T12:40:58.053968" elapsed="0.024140"/>
</iter>
<iter>
<kw name="Get Text" owner="SeleniumLibrary">
<msg time="2025-01-21T12:40:58.106223" level="INFO">${LinkText} = OverflowAI</msg>
<var>${LinkText}</var>
<arg>xpath:(//a)[${i}]</arg>
<doc>Returns the text value of the element identified by ``locator``.</doc>
<status status="PASS" start="2025-01-21T12:40:58.078490" elapsed="0.027794"/>
</kw>
<kw name="Log To Console" owner="BuiltIn">
<arg>${LinkText}</arg>
<doc>Logs the given message to the console.</doc>
<status status="PASS" start="2025-01-21T12:40:58.106496" elapsed="0.000365"/>
</kw>
<var name="${i}">8</var>
<status status="PASS" start="2025-01-21T12:40:58.078330" elapsed="0.028629"/>
</iter>
<iter>
<kw name="Get Text" owner="SeleniumLibrary">
<msg time="2025-01-21T12:40:58.129796" level="INFO">${LinkText} = </msg>
<var>${LinkText}</var>
<arg>xpath:(//a)[${i}]</arg>
<doc>Returns the text value of the element identified by ``locator``.</doc>
<status status="PASS" start="2025-01-21T12:40:58.107314" elapsed="0.022540"/>
</kw>
<kw name="Log To Console" owner="BuiltIn">
<arg>${LinkText}</arg>
<doc>Logs the given message to the console.</doc>
<status status="PASS" start="2025-01-21T12:40:58.130059" elapsed="0.000363"/>
</kw>
<var name="${i}">9</var>
<status status="PASS" start="2025-01-21T12:40:58.107175" elapsed="0.023331"/>
</iter>
<iter>
<kw name="Get Text" owner="SeleniumLibrary">
<msg time="2025-01-21T12:40:58.152523" level="INFO">${LinkText} = </msg>
<var>${LinkText}</var>
<arg>xpath:(//a)[${i}]</arg>
<doc>Returns the text value of the element identified by ``locator``.</doc>
<status status="PASS" start="2025-01-21T12:40:58.130811" elapsed="0.021771"/>
</kw>
<kw name="Log To Console" owner="BuiltIn">
<arg>${LinkText}</arg>
<doc>Logs the given message to the console.</doc>
<status status="PASS" start="2025-01-21T12:40:58.152809" elapsed="0.000329"/>
</kw>
<var name="${i}">10</var>
<status status="PASS" start="2025-01-21T12:40:58.130679" elapsed="0.022727"/>
</iter>
<iter>
<kw name="Get Text" owner="SeleniumLibrary">
<msg time="2025-01-21T12:40:58.175019" level="INFO">${LinkText} = </msg>
<var>${LinkText}</var>
<arg>xpath:(//a)[${i}]</arg>
<doc>Returns the text value of the element identified by ``locator``.</doc>
<status status="PASS" start="2025-01-21T12:40:58.153732" elapsed="0.021349"/>
</kw>
<kw name="Log To Console" owner="BuiltIn">
<arg>${LinkText}</arg>
<doc>Logs the given message to the console.</doc>
<status status="PASS" start="2025-01-21T12:40:58.175300" elapsed="0.000353"/>
</kw>
<var name="${i}">11</var>
<status status="PASS" start="2025-01-21T12:40:58.153597" elapsed="0.022161"/>
</iter>
<iter>
<kw name="Get Text" owner="SeleniumLibrary">
<msg time="2025-01-21T12:40:58.198472" level="INFO">${LinkText} = </msg>
<var>${LinkText}</var>
<arg>xpath:(//a)[${i}]</arg>
<doc>Returns the text value of the element identified by ``locator``.</doc>
<status status="PASS" start="2025-01-21T12:40:58.176080" elapsed="0.022450"/>
</kw>
<kw name="Log To Console" owner="BuiltIn">
<arg>${LinkText}</arg>
<doc>Logs the given message to the console.</doc>
<status status="PASS" start="2025-01-21T12:40:58.198738" elapsed="0.000345"/>
</kw>
<var name="${i}">12</var>
<status status="PASS" start="2025-01-21T12:40:58.175943" elapsed="0.023238"/>
</iter>
<iter>
<kw name="Get Text" owner="SeleniumLibrary">
<msg time="2025-01-21T12:40:58.221816" level="INFO">${LinkText} = </msg>
<var>${LinkText}</var>
<arg>xpath:(//a)[${i}]</arg>
<doc>Returns the text value of the element identified by ``locator``.</doc>
<status status="PASS" start="2025-01-21T12:40:58.199498" elapsed="0.022377"/>
</kw>
<kw name="Log To Console" owner="BuiltIn">
<arg>${LinkText}</arg>
<doc>Logs the given message to the console.</doc>
<status status="PASS" start="2025-01-21T12:40:58.222099" elapsed="0.000336"/>
</kw>
<var name="${i}">13</var>
<status status="PASS" start="2025-01-21T12:40:58.199363" elapsed="0.023152"/>
</iter>
<iter>
<kw name="Get Text" owner="SeleniumLibrary">
<msg time="2025-01-21T12:40:58.245795" level="INFO">${LinkText} = </msg>
<var>${LinkText}</var>
<arg>xpath:(//a)[${i}]</arg>
<doc>Returns the text value of the element identified by ``locator``.</doc>
<status status="PASS" start="2025-01-21T12:40:58.222825" elapsed="0.023028"/>
</kw>
<kw name="Log To Console" owner="BuiltIn">
<arg>${LinkText}</arg>
<doc>Logs the given message to the console.</doc>
<status status="PASS" start="2025-01-21T12:40:58.246062" elapsed="0.000361"/>
</kw>
<var name="${i}">14</var>
<status status="PASS" start="2025-01-21T12:40:58.222687" elapsed="0.023816"/>
</iter>
<iter>
<kw name="Get Text" owner="SeleniumLibrary">
<msg time="2025-01-21T12:40:58.266918" level="INFO">${LinkText} = </msg>
<var>${LinkText}</var>
<arg>xpath:(//a)[${i}]</arg>
<doc>Returns the text value of the element identified by ``locator``.</doc>
<status status="PASS" start="2025-01-21T12:40:58.246802" elapsed="0.020173"/>
</kw>
<kw name="Log To Console" owner="BuiltIn">
<arg>${LinkText}</arg>
<doc>Logs the given message to the console.</doc>
<status status="PASS" start="2025-01-21T12:40:58.267262" elapsed="0.000352"/>
</kw>
<var name="${i}">15</var>
<status status="PASS" start="2025-01-21T12:40:58.246673" elapsed="0.021021"/>
</iter>
<iter>
<kw name="Get Text" owner="SeleniumLibrary">
<msg time="2025-01-21T12:40:58.289412" level="INFO">${LinkText} = </msg>
<var>${LinkText}</var>
<arg>xpath:(//a)[${i}]</arg>
<doc>Returns the text value of the element identified by ``locator``.</doc>
<status status="PASS" start="2025-01-21T12:40:58.267988" elapsed="0.021477"/>
</kw>
<kw name="Log To Console" owner="BuiltIn">
<arg>${LinkText}</arg>
<doc>Logs the given message to the console.</doc>
<status status="PASS" start="2025-01-21T12:40:58.289687" elapsed="0.000327"/>
</kw>
<var name="${i}">16</var>
<status status="PASS" start="2025-01-21T12:40:58.267860" elapsed="0.022222"/>
</iter>
<iter>
<kw name="Get Text" owner="SeleniumLibrary">
<msg time="2025-01-21T12:40:58.312799" level="INFO">${LinkText} = </msg>
<var>${LinkText}</var>
<arg>xpath:(//a)[${i}]</arg>
<doc>Returns the text value of the element identified by ``locator``.</doc>
<status status="PASS" start="2025-01-21T12:40:58.290419" elapsed="0.022437"/>
</kw>
<kw name="Log To Console" owner="BuiltIn">
<arg>${LinkText}</arg>
<doc>Logs the given message to the console.</doc>
<status status="PASS" start="2025-01-21T12:40:58.313103" elapsed="0.000315"/>
</kw>
<var name="${i}">17</var>
<status status="PASS" start="2025-01-21T12:40:58.290302" elapsed="0.023189"/>
</iter>
<iter>
<kw name="Get Text" owner="SeleniumLibrary">
<msg time="2025-01-21T12:40:58.335218" level="INFO">${LinkText} = </msg>
<var>${LinkText}</var>
<arg>xpath:(//a)[${i}]</arg>
<doc>Returns the text value of the element identified by ``locator``.</doc>
<status status="PASS" start="2025-01-21T12:40:58.313774" elapsed="0.021500"/>
</kw>
<kw name="Log To Console" owner="BuiltIn">
<arg>${LinkText}</arg>
<doc>Logs the given message to the console.</doc>
<status status="PASS" start="2025-01-21T12:40:58.335505" elapsed="0.000303"/>
</kw>
<var name="${i}">18</var>
<status status="PASS" start="2025-01-21T12:40:58.313647" elapsed="0.022235"/>
</iter>
<iter>
<kw name="Get Text" owner="SeleniumLibrary">
<msg time="2025-01-21T12:40:58.359171" level="INFO">${LinkText} = </msg>
<var>${LinkText}</var>
<arg>xpath:(//a)[${i}]</arg>
<doc>Returns the text value of the element identified by ``locator``.</doc>
<status status="PASS" start="2025-01-21T12:40:58.336155" elapsed="0.023088"/>
</kw>
<kw name="Log To Console" owner="BuiltIn">
<arg>${LinkText}</arg>
<doc>Logs the given message to the console.</doc>
<status status="PASS" start="2025-01-21T12:40:58.359497" elapsed="0.000416"/>
</kw>
<var name="${i}">19</var>
<status status="PASS" start="2025-01-21T12:40:58.336037" elapsed="0.023950"/>
</iter>
<iter>
<kw name="Get Text" owner="SeleniumLibrary">
<msg time="2025-01-21T12:40:58.383858" level="INFO">${LinkText} = </msg>
<var>${LinkText}</var>
<arg>xpath:(//a)[${i}]</arg>
<doc>Returns the text value of the element identified by ``locator``.</doc>
<status status="PASS" start="2025-01-21T12:40:58.360266" elapsed="0.023653"/>
</kw>
<kw name="Log To Console" owner="BuiltIn">
<arg>${LinkText}</arg>
<doc>Logs the given message to the console.</doc>
<status status="PASS" start="2025-01-21T12:40:58.384125" elapsed="0.000350"/>
</kw>
<var name="${i}">20</var>
<status status="PASS" start="2025-01-21T12:40:58.360146" elapsed="0.024405"/>
</iter>
<iter>
<kw name="Get Text" owner="SeleniumLibrary">
<msg time="2025-01-21T12:40:58.406355" level="INFO">${LinkText} = </msg>
<var>${LinkText}</var>
<arg>xpath:(//a)[${i}]</arg>
<doc>Returns the text value of the element identified by ``locator``.</doc>
<status status="PASS" start="2025-01-21T12:40:58.384769" elapsed="0.021638"/>
</kw>
<kw name="Log To Console" owner="BuiltIn">
<arg>${LinkText}</arg>
<doc>Logs the given message to the console.</doc>
<status status="PASS" start="2025-01-21T12:40:58.406607" elapsed="0.000352"/>
</kw>
<var name="${i}">21</var>
<status status="PASS" start="2025-01-21T12:40:58.384674" elapsed="0.022350"/>
</iter>
<iter>
<kw name="Get Text" owner="SeleniumLibrary">
<msg time="2025-01-21T12:40:58.429441" level="INFO">${LinkText} = </msg>
<var>${LinkText}</var>
<arg>xpath:(//a)[${i}]</arg>
<doc>Returns the text value of the element identified by ``locator``.</doc>
<status status="PASS" start="2025-01-21T12:40:58.407288" elapsed="0.022228"/>
</kw>
<kw name="Log To Console" owner="BuiltIn">
<arg>${LinkText}</arg>
<doc>Logs the given message to the console.</doc>
<status status="PASS" start="2025-01-21T12:40:58.429728" elapsed="0.000305"/>
</kw>
<var name="${i}">22</var>
<status status="PASS" start="2025-01-21T12:40:58.407168" elapsed="0.022938"/>
</iter>
<iter>
<kw name="Get Text" owner="SeleniumLibrary">
<msg time="2025-01-21T12:40:58.453211" level="INFO">${LinkText} = </msg>
<var>${LinkText}</var>
<arg>xpath:(//a)[${i}]</arg>
<doc>Returns the text value of the element identified by ``locator``.</doc>
<status status="PASS" start="2025-01-21T12:40:58.430497" elapsed="0.022772"/>
</kw>
<kw name="Log To Console" owner="BuiltIn">
<arg>${LinkText}</arg>
<doc>Logs the given message to the console.</doc>
<status status="PASS" start="2025-01-21T12:40:58.453513" elapsed="0.000312"/>
</kw>
<var name="${i}">23</var>
<status status="PASS" start="2025-01-21T12:40:58.430369" elapsed="0.023530"/>
</iter>
<iter>
<kw name="Get Text" owner="SeleniumLibrary">
<msg time="2025-01-21T12:40:58.476511" level="INFO">${LinkText} = </msg>
<var>${LinkText}</var>
<arg>xpath:(//a)[${i}]</arg>
<doc>Returns the text value of the element identified by ``locator``.</doc>
<status status="PASS" start="2025-01-21T12:40:58.454185" elapsed="0.022396"/>
</kw>
<kw name="Log To Console" owner="BuiltIn">
<arg>${LinkText}</arg>
<doc>Logs the given message to the console.</doc>
<status status="PASS" start="2025-01-21T12:40:58.477125" elapsed="0.000410"/>
</kw>
<var name="${i}">24</var>
<status status="PASS" start="2025-01-21T12:40:58.454064" elapsed="0.023576"/>
</iter>
<iter>
<kw name="Get Text" owner="SeleniumLibrary">
<msg time="2025-01-21T12:40:58.523304" level="INFO">${LinkText} = Log in</msg>
<var>${LinkText}</var>
<arg>xpath:(//a)[${i}]</arg>
<doc>Returns the text value of the element identified by ``locator``.</doc>
<status status="PASS" start="2025-01-21T12:40:58.478159" elapsed="0.045197"/>
</kw>
<kw name="Log To Console" owner="BuiltIn">
<arg>${LinkText}</arg>
<doc>Logs the given message to the console.</doc>
<status status="PASS" start="2025-01-21T12:40:58.523562" elapsed="0.000375"/>
</kw>
<var name="${i}">25</var>
<status status="PASS" start="2025-01-21T12:40:58.477889" elapsed="0.046120"/>
</iter>
<iter>
<kw name="Get Text" owner="SeleniumLibrary">
<msg time="2025-01-21T12:40:58.545730" level="INFO">${LinkText} = Sign up</msg>
<var>${LinkText}</var>
<arg>xpath:(//a)[${i}]</arg>
<doc>Returns the text value of the element identified by ``locator``.</doc>
<status status="PASS" start="2025-01-21T12:40:58.524347" elapsed="0.021443"/>
</kw>
<kw name="Log To Console" owner="BuiltIn">
<arg>${LinkText}</arg>
<doc>Logs the given message to the console.</doc>
<status status="PASS" start="2025-01-21T12:40:58.546014" elapsed="0.000341"/>
</kw>
<var name="${i}">26</var>
<status status="PASS" start="2025-01-21T12:40:58.524228" elapsed="0.022204"/>
</iter>
<iter>
<kw name="Get Text" owner="SeleniumLibrary">
<msg time="2025-01-21T12:40:58.584259" level="INFO">${LinkText} = Home</msg>
<var>${LinkText}</var>
<arg>xpath:(//a)[${i}]</arg>
<doc>Returns the text value of the element identified by ``locator``.</doc>
<status status="PASS" start="2025-01-21T12:40:58.546800" elapsed="0.037516"/>
</kw>
<kw name="Log To Console" owner="BuiltIn">
<arg>${LinkText}</arg>
<doc>Logs the given message to the console.</doc>
<status status="PASS" start="2025-01-21T12:40:58.584549" elapsed="0.000368"/>
</kw>
<var name="${i}">27</var>
<status status="PASS" start="2025-01-21T12:40:58.546617" elapsed="0.038376"/>
</iter>
<iter>
<kw name="Get Text" owner="SeleniumLibrary">
<msg time="2025-01-21T12:40:58.608766" level="INFO">${LinkText} = Questions</msg>
<var>${LinkText}</var>
<arg>xpath:(//a)[${i}]</arg>
<doc>Returns the text value of the element identified by ``locator``.</doc>
<status status="PASS" start="2025-01-21T12:40:58.585322" elapsed="0.023541"/>
</kw>
<kw name="Log To Console" owner="BuiltIn">
<arg>${LinkText}</arg>
<doc>Logs the given message to the console.</doc>
<status status="PASS" start="2025-01-21T12:40:58.609162" elapsed="0.000511"/>
</kw>
<var name="${i}">28</var>
<status status="PASS" start="2025-01-21T12:40:58.585192" elapsed="0.024635"/>
</iter>
<iter>
<kw name="Get Text" owner="SeleniumLibrary">
<msg time="2025-01-21T12:40:58.634796" level="INFO">${LinkText} = Tags</msg>
<var>${LinkText}</var>
<arg>xpath:(//a)[${i}]</arg>
<doc>Returns the text value of the element identified by ``locator``.</doc>
<status status="PASS" start="2025-01-21T12:40:58.610306" elapsed="0.024564"/>
</kw>
<kw name="Log To Console" owner="BuiltIn">
<arg>${LinkText}</arg>
<doc>Logs the given message to the console.</doc>
<status status="PASS" start="2025-01-21T12:40:58.635082" elapsed="0.000465"/>
</kw>
<var name="${i}">29</var>
<status status="PASS" start="2025-01-21T12:40:58.610138" elapsed="0.025481"/>
</iter>
<iter>
<kw name="Get Text" owner="SeleniumLibrary">
<msg time="2025-01-21T12:40:58.684365" level="INFO">${LinkText} = Users</msg>
<var>${LinkText}</var>
<arg>xpath:(//a)[${i}]</arg>
<doc>Returns the text value of the element identified by ``locator``.</doc>
<status status="PASS" start="2025-01-21T12:40:58.635951" elapsed="0.048496"/>
</kw>
<kw name="Log To Console" owner="BuiltIn">
<arg>${LinkText}</arg>
<doc>Logs the given message to the console.</doc>
<status status="PASS" start="2025-01-21T12:40:58.684692" elapsed="0.000481"/>
</kw>
<var name="${i}">30</var>
<status status="PASS" start="2025-01-21T12:40:58.635826" elapsed="0.049470"/>
</iter>
<iter>
<kw name="Get Text" owner="SeleniumLibrary">
<msg time="2025-01-21T12:40:58.715476" level="INFO">${LinkText} = Companies</msg>
<var>${LinkText}</var>
<arg>xpath:(//a)[${i}]</arg>
<doc>Returns the text value of the element identified by ``locator``.</doc>
<status status="PASS" start="2025-01-21T12:40:58.685689" elapsed="0.029845"/>
</kw>
<kw name="Log To Console" owner="BuiltIn">
<arg>${LinkText}</arg>
<doc>Logs the given message to the console.</doc>
<status status="PASS" start="2025-01-21T12:40:58.715757" elapsed="0.000418"/>
</kw>
<var name="${i}">31</var>
<status status="PASS" start="2025-01-21T12:40:58.685523" elapsed="0.030771"/>
</iter>
<iter>
<kw name="Get Text" owner="SeleniumLibrary">
<msg time="2025-01-21T12:40:58.748382" level="INFO">${LinkText} = LABS</msg>
<var>${LinkText}</var>
<arg>xpath:(//a)[${i}]</arg>
<doc>Returns the text value of the element identified by ``locator``.</doc>
<status status="PASS" start="2025-01-21T12:40:58.716657" elapsed="0.031785"/>
</kw>
<kw name="Log To Console" owner="BuiltIn">
<arg>${LinkText}</arg>
<doc>Logs the given message to the console.</doc>
<status status="PASS" start="2025-01-21T12:40:58.748658" elapsed="0.000460"/>
</kw>
<var name="${i}">32</var>
<status status="PASS" start="2025-01-21T12:40:58.716518" elapsed="0.032748"/>
</iter>
<iter>
<kw name="Get Text" owner="SeleniumLibrary">
<msg time="2025-01-21T12:40:58.779143" level="INFO">${LinkText} = Discussions</msg>
<var>${LinkText}</var>
<arg>xpath:(//a)[${i}]</arg>
<doc>Returns the text value of the element identified by ``locator``.</doc>
<status status="PASS" start="2025-01-21T12:40:58.749802" elapsed="0.029411"/>
</kw>
<kw name="Log To Console" owner="BuiltIn">
<arg>${LinkText}</arg>
<doc>Logs the given message to the console.</doc>
<status status="PASS" start="2025-01-21T12:40:58.779420" elapsed="0.000485"/>
</kw>
<var name="${i}">33</var>
<status status="PASS" start="2025-01-21T12:40:58.749561" elapsed="0.030444"/>
</iter>
<iter>
<kw name="Get Text" owner="SeleniumLibrary">
<msg time="2025-01-21T12:40:58.805730" level="INFO">${LinkText} = COLLECTIVES</msg>
<var>${LinkText}</var>
<arg>xpath:(//a)[${i}]</arg>
<doc>Returns the text value of the element identified by ``locator``.</doc>
<status status="PASS" start="2025-01-21T12:40:58.780341" elapsed="0.025449"/>
</kw>
<kw name="Log To Console" owner="BuiltIn">
<arg>${LinkText}</arg>
<doc>Logs the given message to the console.</doc>
<status status="PASS" start="2025-01-21T12:40:58.806004" elapsed="0.000362"/>
</kw>
<var name="${i}">34</var>
<status status="PASS" start="2025-01-21T12:40:58.780195" elapsed="0.026269"/>
</iter>
<iter>
<kw name="Get Text" owner="SeleniumLibrary">
<msg time="2025-01-21T12:40:58.832956" level="INFO">${LinkText} = Explore all Collectives</msg>
<var>${LinkText}</var>
<arg>xpath:(//a)[${i}]</arg>
<doc>Returns the text value of the element identified by ``locator``.</doc>
<status status="PASS" start="2025-01-21T12:40:58.806821" elapsed="0.026257"/>
</kw>
<kw name="Log To Console" owner="BuiltIn">
<arg>${LinkText}</arg>
<doc>Logs the given message to the console.</doc>
<status status="PASS" start="2025-01-21T12:40:58.833292" elapsed="0.000362"/>
</kw>
<var name="${i}">35</var>
<status status="PASS" start="2025-01-21T12:40:58.806678" elapsed="0.027074"/>
</iter>
<iter>
<kw name="Get Text" owner="SeleniumLibrary">
<msg time="2025-01-21T12:40:58.859580" level="INFO">${LinkText} = </msg>
<var>${LinkText}</var>
<arg>xpath:(//a)[${i}]</arg>
<doc>Returns the text value of the element identified by ``locator``.</doc>
<status status="PASS" start="2025-01-21T12:40:58.834078" elapsed="0.025582"/>
</kw>
<kw name="Log To Console" owner="BuiltIn">
<arg>${LinkText}</arg>
<doc>Logs the given message to the console.</doc>
<status status="PASS" start="2025-01-21T12:40:58.859918" elapsed="0.000489"/>
</kw>
<var name="${i}">36</var>
<status status="PASS" start="2025-01-21T12:40:58.833937" elapsed="0.026574"/>
</iter>
<iter>
<kw name="Get Text" owner="SeleniumLibrary">
<msg time="2025-01-21T12:40:58.884746" level="INFO">${LinkText} = </msg>
<var>${LinkText}</var>
<arg>xpath:(//a)[${i}]</arg>
<doc>Returns the text value of the element identified by ``locator``.</doc>
<status status="PASS" start="2025-01-21T12:40:58.860935" elapsed="0.023884"/>
</kw>
<kw name="Log To Console" owner="BuiltIn">
<arg>${LinkText}</arg>
<doc>Logs the given message to the console.</doc>
<status status="PASS" start="2025-01-21T12:40:58.885033" elapsed="0.000293"/>
</kw>
<var name="${i}">37</var>
<status status="PASS" start="2025-01-21T12:40:58.860733" elapsed="0.024667"/>
</iter>
<iter>
<kw name="Get Text" owner="SeleniumLibrary">
<msg time="2025-01-21T12:40:58.908301" level="INFO">${LinkText} = </msg>
<var>${LinkText}</var>
<arg>xpath:(//a)[${i}]</arg>
<doc>Returns the text value of the element identified by ``locator``.</doc>
<status status="PASS" start="2025-01-21T12:40:58.885674" elapsed="0.022695"/>
</kw>
<kw name="Log To Console" owner="BuiltIn">
<arg>${LinkText}</arg>
<doc>Logs the given message to the console.</doc>
<status status="PASS" start="2025-01-21T12:40:58.908649" elapsed="0.000389"/>
</kw>
<var name="${i}">38</var>
<status status="PASS" start="2025-01-21T12:40:58.885554" elapsed="0.023582"/>
</iter>
<iter>
<kw name="Get Text" owner="SeleniumLibrary">
<msg time="2025-01-21T12:40:58.931121" level="INFO">${LinkText} = </msg>
<var>${LinkText}</var>
<arg>xpath:(//a)[${i}]</arg>
<doc>Returns the text value of the element identified by ``locator``.</doc>
<status status="PASS" start="2025-01-21T12:40:58.909486" elapsed="0.021693"/>
</kw>
<kw name="Log To Console" owner="BuiltIn">
<arg>${LinkText}</arg>
<doc>Logs the given message to the console.</doc>
<status status="PASS" start="2025-01-21T12:40:58.931410" elapsed="0.000297"/>
</kw>
<var name="${i}">39</var>
<status status="PASS" start="2025-01-21T12:40:58.909322" elapsed="0.022458"/>
</iter>
<iter>
<kw name="Get Text" owner="SeleniumLibrary">
<msg time="2025-01-21T12:40:58.955421" level="INFO">${LinkText} = </msg>
<var>${LinkText}</var>
<arg>xpath:(//a)[${i}]</arg>
<doc>Returns the text value of the element identified by ``locator``.</doc>
<status status="PASS" start="2025-01-21T12:40:58.932055" elapsed="0.023420"/>
</kw>
<kw name="Log To Console" owner="BuiltIn">
<arg>${LinkText}</arg>
<doc>Logs the given message to the console.</doc>
<status status="PASS" start="2025-01-21T12:40:58.955676" elapsed="0.000385"/>
</kw>
<var name="${i}">40</var>
<status status="PASS" start="2025-01-21T12:40:58.931935" elapsed="0.024194"/>
</iter>
<iter>
<kw name="Get Text" owner="SeleniumLibrary">
<msg time="2025-01-21T12:40:58.978668" level="INFO">${LinkText} = </msg>
<var>${LinkText}</var>
<arg>xpath:(//a)[${i}]</arg>
<doc>Returns the text value of the element identified by ``locator``.</doc>
<status status="PASS" start="2025-01-21T12:40:58.956387" elapsed="0.022338"/>
</kw>
<kw name="Log To Console" owner="BuiltIn">
<arg>${LinkText}</arg>
<doc>Logs the given message to the console.</doc>
<status status="PASS" start="2025-01-21T12:40:58.978968" elapsed="0.000311"/>
</kw>
<var name="${i}">41</var>
<status status="PASS" start="2025-01-21T12:40:58.956277" elapsed="0.023074"/>
</iter>
<iter>
<kw name="Get Text" owner="SeleniumLibrary">
<msg time="2025-01-21T12:40:59.004424" level="INFO">${LinkText} = </msg>
<var>${LinkText}</var>
<arg>xpath:(//a)[${i}]</arg>
<doc>Returns the text value of the element identified by ``locator``.</doc>
<status status="PASS" start="2025-01-21T12:40:58.979637" elapsed="0.024842"/>
</kw>
<kw name="Log To Console" owner="BuiltIn">
<arg>${LinkText}</arg>
<doc>Logs the given message to the console.</doc>
<status status="PASS" start="2025-01-21T12:40:59.004697" elapsed="0.000299"/>
</kw>
<var name="${i}">42</var>
<status status="PASS" start="2025-01-21T12:40:58.979511" elapsed="0.025559"/>
</iter>
<iter>
<kw name="Get Text" owner="SeleniumLibrary">
<msg time="2025-01-21T12:40:59.027762" level="INFO">${LinkText} = Sign up</msg>
<var>${LinkText}</var>
<arg>xpath:(//a)[${i}]</arg>
<doc>Returns the text value of the element identified by ``locator``.</doc>
<status status="PASS" start="2025-01-21T12:40:59.005360" elapsed="0.022475"/>
</kw>
<kw name="Log To Console" owner="BuiltIn">
<arg>${LinkText}</arg>
<doc>Logs the given message to the console.</doc>
<status status="PASS" start="2025-01-21T12:40:59.028245" elapsed="0.000510"/>
</kw>
<var name="${i}">43</var>
<status status="PASS" start="2025-01-21T12:40:59.005239" elapsed="0.023645"/>
</iter>
<iter>
<kw name="Get Text" owner="SeleniumLibrary">
<msg time="2025-01-21T12:40:59.052386" level="INFO">${LinkText} = Visit the community</msg>
<var>${LinkText}</var>
<arg>xpath:(//a)[${i}]</arg>
<doc>Returns the text value of the element identified by ``locator``.</doc>
<status status="PASS" start="2025-01-21T12:40:59.029370" elapsed="0.023068"/>
</kw>
<kw name="Log To Console" owner="BuiltIn">
<arg>${LinkText}</arg>
<doc>Logs the given message to the console.</doc>
<status status="PASS" start="2025-01-21T12:40:59.052635" elapsed="0.000378"/>
</kw>
<var name="${i}">44</var>
<status status="PASS" start="2025-01-21T12:40:59.029175" elapsed="0.023915"/>
</iter>
<iter>
<kw name="Get Text" owner="SeleniumLibrary">
<msg time="2025-01-21T12:40:59.077250" level="INFO">${LinkText} = Full business solutions</msg>
<var>${LinkText}</var>
<arg>xpath:(//a)[${i}]</arg>
<doc>Returns the text value of the element identified by ``locator``.</doc>
<status status="PASS" start="2025-01-21T12:40:59.053415" elapsed="0.023903"/>
</kw>
<kw name="Log To Console" owner="BuiltIn">
<arg>${LinkText}</arg>
<doc>Logs the given message to the console.</doc>
<status status="PASS" start="2025-01-21T12:40:59.077572" elapsed="0.000345"/>
</kw>
<var name="${i}">45</var>
<status status="PASS" start="2025-01-21T12:40:59.053298" elapsed="0.024701"/>
</iter>
<iter>
<kw name="Get Text" owner="SeleniumLibrary">
<msg time="2025-01-21T12:40:59.100810" level="INFO">${LinkText} = Explore Teams</msg>
<var>${LinkText}</var>
<arg>xpath:(//a)[${i}]</arg>
<doc>Returns the text value of the element identified by ``locator``.</doc>
<status status="PASS" start="2025-01-21T12:40:59.078314" elapsed="0.022550"/>
</kw>
<kw name="Log To Console" owner="BuiltIn">
<arg>${LinkText}</arg>
<doc>Logs the given message to the console.</doc>
<status status="PASS" start="2025-01-21T12:40:59.101067" elapsed="0.000360"/>
</kw>
<var name="${i}">46</var>
<status status="PASS" start="2025-01-21T12:40:59.078173" elapsed="0.023327"/>
</iter>
<iter>
<kw name="Get Text" owner="SeleniumLibrary">
<msg time="2025-01-21T12:40:59.124488" level="INFO">${LinkText} = Try for free</msg>
<var>${LinkText}</var>
<arg>xpath:(//a)[${i}]</arg>
<doc>Returns the text value of the element identified by ``locator``.</doc>
<status status="PASS" start="2025-01-21T12:40:59.101868" elapsed="0.022673"/>
</kw>
<kw name="Log To Console" owner="BuiltIn">
<arg>${LinkText}</arg>
<doc>Logs the given message to the console.</doc>
<status status="PASS" start="2025-01-21T12:40:59.124870" elapsed="0.000413"/>
</kw>
<var name="${i}">47</var>
<status status="PASS" start="2025-01-21T12:40:59.101726" elapsed="0.023644"/>
</iter>
<iter>
<kw name="Get Text" owner="SeleniumLibrary">
<msg time="2025-01-21T12:40:59.150369" level="INFO">${LinkText} = Supercharge your Team</msg>
<var>${LinkText}</var>
<arg>xpath:(//a)[${i}]</arg>
<doc>Returns the text value of the element identified by ``locator``.</doc>
<status status="PASS" start="2025-01-21T12:40:59.125742" elapsed="0.024679"/>
</kw>
<kw name="Log To Console" owner="BuiltIn">
<arg>${LinkText}</arg>
<doc>Logs the given message to the console.</doc>
<status status="PASS" start="2025-01-21T12:40:59.150626" elapsed="0.000333"/>
</kw>
<var name="${i}">48</var>
<status status="PASS" start="2025-01-21T12:40:59.125576" elapsed="0.025454"/>
</iter>
<iter>
<kw name="Get Text" owner="SeleniumLibrary">
<msg time="2025-01-21T12:40:59.175761" level="INFO">${LinkText} = Advertising solutions</msg>
<var>${LinkText}</var>
<arg>xpath:(//a)[${i}]</arg>
<doc>Returns the text value of the element identified by ``locator``.</doc>
<status status="PASS" start="2025-01-21T12:40:59.151376" elapsed="0.024445"/>
</kw>
<kw name="Log To Console" owner="BuiltIn">
<arg>${LinkText}</arg>
<doc>Logs the given message to the console.</doc>
<status status="PASS" start="2025-01-21T12:40:59.176049" elapsed="0.000348"/>
</kw>
<var name="${i}">49</var>
<status status="PASS" start="2025-01-21T12:40:59.151244" elapsed="0.025232"/>
</iter>
<iter>
<kw name="Get Text" owner="SeleniumLibrary">
<msg time="2025-01-21T12:40:59.201444" level="INFO">${LinkText} = Build your employer brand</msg>
<var>${LinkText}</var>
<arg>xpath:(//a)[${i}]</arg>
<doc>Returns the text value of the element identified by ``locator``.</doc>
<status status="PASS" start="2025-01-21T12:40:59.176794" elapsed="0.024701"/>
</kw>
<kw name="Log To Console" owner="BuiltIn">
<arg>${LinkText}</arg>
<doc>Logs the given message to the console.</doc>
<status status="PASS" start="2025-01-21T12:40:59.201681" elapsed="0.000331"/>
</kw>
<var name="${i}">50</var>
<status status="PASS" start="2025-01-21T12:40:59.176665" elapsed="0.025419"/>
</iter>
<iter>
<kw name="Get Text" owner="SeleniumLibrary">
<msg time="2025-01-21T12:40:59.226676" level="INFO">${LinkText} = API solutions for business</msg>
<var>${LinkText}</var>
<arg>xpath:(//a)[${i}]</arg>
<doc>Returns the text value of the element identified by ``locator``.</doc>
<status status="PASS" start="2025-01-21T12:40:59.202409" elapsed="0.024320"/>
</kw>
<kw name="Log To Console" owner="BuiltIn">
<arg>${LinkText}</arg>
<doc>Logs the given message to the console.</doc>
<status status="PASS" start="2025-01-21T12:40:59.226933" elapsed="0.000377"/>
</kw>
<var name="${i}">51</var>
<status status="PASS" start="2025-01-21T12:40:59.202288" elapsed="0.025094"/>
</iter>
<iter>
<kw name="Get Text" owner="SeleniumLibrary">
<msg time="2025-01-21T12:40:59.252258" level="INFO">${LinkText} = Explore the network</msg>
<var>${LinkText}</var>
<arg>xpath:(//a)[${i}]</arg>
<doc>Returns the text value of the element identified by ``locator``.</doc>
<status status="PASS" start="2025-01-21T12:40:59.227834" elapsed="0.024487"/>
</kw>
<kw name="Log To Console" owner="BuiltIn">
<arg>${LinkText}</arg>
<doc>Logs the given message to the console.</doc>
<status status="PASS" start="2025-01-21T12:40:59.252562" elapsed="0.000437"/>
</kw>
<var name="${i}">52</var>
<status status="PASS" start="2025-01-21T12:40:59.227611" elapsed="0.025461"/>
</iter>
<iter>
<kw name="Get Text" owner="SeleniumLibrary">
<msg time="2025-01-21T12:40:59.278248" level="INFO">${LinkText} = </msg>
<var>${LinkText}</var>
<arg>xpath:(//a)[${i}]</arg>
<doc>Returns the text value of the element identified by ``locator``.</doc>
<status status="PASS" start="2025-01-21T12:40:59.253398" elapsed="0.024907"/>
</kw>
<kw name="Log To Console" owner="BuiltIn">
<arg>${LinkText}</arg>
<doc>Logs the given message to the console.</doc>
<status status="PASS" start="2025-01-21T12:40:59.278551" elapsed="0.000314"/>
</kw>
<var name="${i}">53</var>
<status status="PASS" start="2025-01-21T12:40:59.253275" elapsed="0.025663"/>
</iter>
<iter>
<kw name="Get Text" owner="SeleniumLibrary">
<msg time="2025-01-21T12:40:59.304290" level="INFO">${LinkText} = </msg>
<var>${LinkText}</var>
<arg>xpath:(//a)[${i}]</arg>
<doc>Returns the text value of the element identified by ``locator``.</doc>
<status status="PASS" start="2025-01-21T12:40:59.279215" elapsed="0.025134"/>
</kw>
<kw name="Log To Console" owner="BuiltIn">
<arg>${LinkText}</arg>
<doc>Logs the given message to the console.</doc>
<status status="PASS" start="2025-01-21T12:40:59.304635" elapsed="0.000384"/>
</kw>
<var name="${i}">54</var>
<status status="PASS" start="2025-01-21T12:40:59.279092" elapsed="0.026002"/>
</iter>
<iter>
<kw name="Get Text" owner="SeleniumLibrary">
<msg time="2025-01-21T12:40:59.330808" level="INFO">${LinkText} = </msg>
<var>${LinkText}</var>
<arg>xpath:(//a)[${i}]</arg>
<doc>Returns the text value of the element identified by ``locator``.</doc>
<status status="PASS" start="2025-01-21T12:40:59.305432" elapsed="0.025437"/>
</kw>
<kw name="Log To Console" owner="BuiltIn">
<arg>${LinkText}</arg>
<doc>Logs the given message to the console.</doc>
<status status="PASS" start="2025-01-21T12:40:59.331093" elapsed="0.000317"/>
</kw>
<var name="${i}">55</var>
<status status="PASS" start="2025-01-21T12:40:59.305263" elapsed="0.026226"/>
</iter>
<iter>
<kw name="Get Text" owner="SeleniumLibrary">
<msg time="2025-01-21T12:40:59.358069" level="INFO">${LinkText} = </msg>
<var>${LinkText}</var>
<arg>xpath:(//a)[${i}]</arg>
<doc>Returns the text value of the element identified by ``locator``.</doc>
<status status="PASS" start="2025-01-21T12:40:59.331845" elapsed="0.026327"/>
</kw>
<kw name="Log To Console" owner="BuiltIn">
<arg>${LinkText}</arg>
<doc>Logs the given message to the console.</doc>
<status status="PASS" start="2025-01-21T12:40:59.358419" elapsed="0.000346"/>
</kw>
<var name="${i}">56</var>
<status status="PASS" start="2025-01-21T12:40:59.331702" elapsed="0.027146"/>
</iter>
<iter>
<kw name="Get Text" owner="SeleniumLibrary">
<msg time="2025-01-21T12:40:59.384203" level="INFO">${LinkText} = </msg>
<var>${LinkText}</var>
<arg>xpath:(//a)[${i}]</arg>
<doc>Returns the text value of the element identified by ``locator``.</doc>
<status status="PASS" start="2025-01-21T12:40:59.359167" elapsed="0.025094"/>
</kw>
<kw name="Log To Console" owner="BuiltIn">
<arg>${LinkText}</arg>
<doc>Logs the given message to the console.</doc>
<status status="PASS" start="2025-01-21T12:40:59.384488" elapsed="0.000323"/>
</kw>
<var name="${i}">57</var>
<status status="PASS" start="2025-01-21T12:40:59.359019" elapsed="0.025878"/>
</iter>
<iter>
<kw name="Get Text" owner="SeleniumLibrary">
<msg time="2025-01-21T12:40:59.409948" level="INFO">${LinkText} = </msg>
<var>${LinkText}</var>
<arg>xpath:(//a)[${i}]</arg>
<doc>Returns the text value of the element identified by ``locator``.</doc>
<status status="PASS" start="2025-01-21T12:40:59.385188" elapsed="0.024836"/>
</kw>
<kw name="Log To Console" owner="BuiltIn">
<arg>${LinkText}</arg>
<doc>Logs the given message to the console.</doc>
<status status="PASS" start="2025-01-21T12:40:59.410236" elapsed="0.000298"/>
</kw>
<var name="${i}">58</var>
<status status="PASS" start="2025-01-21T12:40:59.385061" elapsed="0.025549"/>
</iter>
<iter>
<kw name="Get Text" owner="SeleniumLibrary">
<msg time="2025-01-21T12:40:59.434637" level="INFO">${LinkText} = </msg>
<var>${LinkText}</var>
<arg>xpath:(//a)[${i}]</arg>
<doc>Returns the text value of the element identified by ``locator``.</doc>
<status status="PASS" start="2025-01-21T12:40:59.410885" elapsed="0.023811"/>
</kw>
<kw name="Log To Console" owner="BuiltIn">
<arg>${LinkText}</arg>
<doc>Logs the given message to the console.</doc>
<status status="PASS" start="2025-01-21T12:40:59.434902" elapsed="0.000393"/>
</kw>
<var name="${i}">59</var>
<status status="PASS" start="2025-01-21T12:40:59.410765" elapsed="0.024618"/>
</iter>
<iter>
<kw name="Get Text" owner="SeleniumLibrary">
<msg time="2025-01-21T12:40:59.460018" level="INFO">${LinkText} = </msg>
<var>${LinkText}</var>
<arg>xpath:(//a)[${i}]</arg>
<doc>Returns the text value of the element identified by ``locator``.</doc>
<status status="PASS" start="2025-01-21T12:40:59.435690" elapsed="0.024388"/>
</kw>
<kw name="Log To Console" owner="BuiltIn">
<arg>${LinkText}</arg>
<doc>Logs the given message to the console.</doc>
<status status="PASS" start="2025-01-21T12:40:59.460288" elapsed="0.000342"/>
</kw>
<var name="${i}">60</var>
<status status="PASS" start="2025-01-21T12:40:59.435554" elapsed="0.025176"/>
</iter>
<iter>
<kw name="Get Text" owner="SeleniumLibrary">
<msg time="2025-01-21T12:40:59.483273" level="INFO">${LinkText} = </msg>
<var>${LinkText}</var>
<arg>xpath:(//a)[${i}]</arg>
<doc>Returns the text value of the element identified by ``locator``.</doc>
<status status="PASS" start="2025-01-21T12:40:59.461083" elapsed="0.022248"/>
</kw>
<kw name="Log To Console" owner="BuiltIn">
<arg>${LinkText}</arg>
<doc>Logs the given message to the console.</doc>
<status status="PASS" start="2025-01-21T12:40:59.483541" elapsed="0.000335"/>
</kw>
<var name="${i}">61</var>
<status status="PASS" start="2025-01-21T12:40:59.460912" elapsed="0.023047"/>
</iter>
<iter>
<kw name="Get Text" owner="SeleniumLibrary">
<msg time="2025-01-21T12:40:59.507285" level="INFO">${LinkText} = </msg>
<var>${LinkText}</var>
<arg>xpath:(//a)[${i}]</arg>
<doc>Returns the text value of the element identified by ``locator``.</doc>
<status status="PASS" start="2025-01-21T12:40:59.484398" elapsed="0.022946"/>
</kw>
<kw name="Log To Console" owner="BuiltIn">
<arg>${LinkText}</arg>
<doc>Logs the given message to the console.</doc>
<status status="PASS" start="2025-01-21T12:40:59.507553" elapsed="0.000320"/>
</kw>
<var name="${i}">62</var>
<status status="PASS" start="2025-01-21T12:40:59.484193" elapsed="0.023764"/>
</iter>
<iter>
<kw name="Get Text" owner="SeleniumLibrary">
<msg time="2025-01-21T12:40:59.531141" level="INFO">${LinkText} = </msg>
<var>${LinkText}</var>
<arg>xpath:(//a)[${i}]</arg>
<doc>Returns the text value of the element identified by ``locator``.</doc>
<status status="PASS" start="2025-01-21T12:40:59.508258" elapsed="0.022940"/>
</kw>
<kw name="Log To Console" owner="BuiltIn">
<arg>${LinkText}</arg>
<doc>Logs the given message to the console.</doc>
<status status="PASS" start="2025-01-21T12:40:59.531415" elapsed="0.000388"/>
</kw>
<var name="${i}">63</var>
<status status="PASS" start="2025-01-21T12:40:59.508125" elapsed="0.023820"/>
</iter>
<iter>
<kw name="Get Text" owner="SeleniumLibrary">
<msg time="2025-01-21T12:40:59.555283" level="INFO">${LinkText} = Careers at Stack Overflow</msg>
<var>${LinkText}</var>
<arg>xpath:(//a)[${i}]</arg>
<doc>Returns the text value of the element identified by ``locator``.</doc>
<status status="PASS" start="2025-01-21T12:40:59.532335" elapsed="0.023009"/>
</kw>
<kw name="Log To Console" owner="BuiltIn">
<arg>${LinkText}</arg>
<doc>Logs the given message to the console.</doc>
<status status="PASS" start="2025-01-21T12:40:59.555556" elapsed="0.000360"/>
</kw>
<var name="${i}">64</var>
<status status="PASS" start="2025-01-21T12:40:59.532175" elapsed="0.023851"/>
</iter>
<iter>
<kw name="Get Text" owner="SeleniumLibrary">
<msg time="2025-01-21T12:40:59.581902" level="INFO">${LinkText} = Check out our FAQ about how Stack Overflow works.
Visit Help Center</msg>
<var>${LinkText}</var>
<arg>xpath:(//a)[${i}]</arg>
<doc>Returns the text value of the element identified by ``locator``.</doc>
<status status="PASS" start="2025-01-21T12:40:59.556357" elapsed="0.025619"/>
</kw>
<kw name="Log To Console" owner="BuiltIn">
<arg>${LinkText}</arg>
<doc>Logs the given message to the console.</doc>
<status status="PASS" start="2025-01-21T12:40:59.582219" elapsed="0.000409"/>
</kw>
<var name="${i}">65</var>
<status status="PASS" start="2025-01-21T12:40:59.556212" elapsed="0.026518"/>
</iter>
<iter>
<kw name="Get Text" owner="SeleniumLibrary">
<msg time="2025-01-21T12:40:59.607617" level="INFO">${LinkText} = To share feedback about our platform, please visit our meta community.
Visit Meta</msg>
<var>${LinkText}</var>
<arg>xpath:(//a)[${i}]</arg>
<doc>Returns the text value of the element identified by ``locator``.</doc>
<status status="PASS" start="2025-01-21T12:40:59.583062" elapsed="0.024614"/>
</kw>
<kw name="Log To Console" owner="BuiltIn">
<arg>${LinkText}</arg>
<doc>Logs the given message to the console.</doc>
<status status="PASS" start="2025-01-21T12:40:59.607908" elapsed="0.000344"/>
</kw>
<var name="${i}">66</var>
<status status="PASS" start="2025-01-21T12:40:59.582916" elapsed="0.025416"/>
</iter>
<iter>
<kw name="Get Text" owner="SeleniumLibrary">
<msg time="2025-01-21T12:40:59.634263" level="INFO">${LinkText} = Looking for help with Stack Overflow for Teams?
Visit Teams Help Center</msg>
<var>${LinkText}</var>
<arg>xpath:(//a)[${i}]</arg>
<doc>Returns the text value of the element identified by ``locator``.</doc>
<status status="PASS" start="2025-01-21T12:40:59.608656" elapsed="0.025661"/>
</kw>
<kw name="Log To Console" owner="BuiltIn">
<arg>${LinkText}</arg>
<doc>Logs the given message to the console.</doc>
<status status="PASS" start="2025-01-21T12:40:59.634572" elapsed="0.000419"/>
</kw>
<var name="${i}">67</var>
<status status="PASS" start="2025-01-21T12:40:59.608517" elapsed="0.026568"/>
</iter>
<iter>
<kw name="Get Text" owner="SeleniumLibrary">
<msg time="2025-01-21T12:40:59.662857" level="INFO">${LinkText} = Find legal documents for our products and services.
Visit Legal</msg>
<var>${LinkText}</var>
<arg>xpath:(//a)[${i}]</arg>
<doc>Returns the text value of the element identified by ``locator``.</doc>
<status status="PASS" start="2025-01-21T12:40:59.635448" elapsed="0.027526"/>
</kw>
<kw name="Log To Console" owner="BuiltIn">
<arg>${LinkText}</arg>
<doc>Logs the given message to the console.</doc>
<status status="PASS" start="2025-01-21T12:40:59.663206" elapsed="0.000443"/>
</kw>
<var name="${i}">68</var>
<status status="PASS" start="2025-01-21T12:40:59.635287" elapsed="0.028527"/>
</iter>
<iter>
<kw name="Get Text" owner="SeleniumLibrary">
<msg time="2025-01-21T12:40:59.698884" level="INFO">${LinkText} = </msg>
<var>${LinkText}</var>
<arg>xpath:(//a)[${i}]</arg>
<doc>Returns the text value of the element identified by ``locator``.</doc>
<status status="PASS" start="2025-01-21T12:40:59.664168" elapsed="0.034818"/>
</kw>
<kw name="Log To Console" owner="BuiltIn">
<arg>${LinkText}</arg>
<doc>Logs the given message to the console.</doc>
<status status="PASS" start="2025-01-21T12:40:59.699368" elapsed="0.000498"/>
</kw>
<var name="${i}">69</var>
<status status="PASS" start="2025-01-21T12:40:59.664015" elapsed="0.035932"/>
</iter>
<iter>
<kw name="Get Text" owner="SeleniumLibrary">
<msg time="2025-01-21T12:40:59.724153" level="INFO">${LinkText} = STACK OVERFLOW</msg>
<var>${LinkText}</var>
<arg>xpath:(//a)[${i}]</arg>
<doc>Returns the text value of the element identified by ``locator``.</doc>
<status status="PASS" start="2025-01-21T12:40:59.700260" elapsed="0.023952"/>
</kw>
<kw name="Log To Console" owner="BuiltIn">
<arg>${LinkText}</arg>
<doc>Logs the given message to the console.</doc>
<status status="PASS" start="2025-01-21T12:40:59.724446" elapsed="0.000328"/>
</kw>
<var name="${i}">70</var>
<status status="PASS" start="2025-01-21T12:40:59.700110" elapsed="0.024743"/>
</iter>
<iter>
<kw name="Get Text" owner="SeleniumLibrary">
<msg time="2025-01-21T12:40:59.747135" level="INFO">${LinkText} = Questions</msg>
<var>${LinkText}</var>
<arg>xpath:(//a)[${i}]</arg>
<doc>Returns the text value of the element identified by ``locator``.</doc>
<status status="PASS" start="2025-01-21T12:40:59.725182" elapsed="0.022026"/>
</kw>
<kw name="Log To Console" owner="BuiltIn">
<arg>${LinkText}</arg>
<doc>Logs the given message to the console.</doc>
<status status="PASS" start="2025-01-21T12:40:59.747527" elapsed="0.000359"/>
</kw>
<var name="${i}">71</var>
<status status="PASS" start="2025-01-21T12:40:59.725044" elapsed="0.022924"/>
</iter>
<iter>
<kw name="Get Text" owner="SeleniumLibrary">
<msg time="2025-01-21T12:40:59.772912" level="INFO">${LinkText} = Help</msg>
<var>${LinkText}</var>
<arg>xpath:(//a)[${i}]</arg>
<doc>Returns the text value of the element identified by ``locator``.</doc>
<status status="PASS" start="2025-01-21T12:40:59.748315" elapsed="0.024651"/>
</kw>
<kw name="Log To Console" owner="BuiltIn">
<arg>${LinkText}</arg>
<doc>Logs the given message to the console.</doc>
<status status="PASS" start="2025-01-21T12:40:59.773170" elapsed="0.000377"/>
</kw>
<var name="${i}">72</var>
<status status="PASS" start="2025-01-21T12:40:59.748155" elapsed="0.025466"/>
</iter>
<iter>
<kw name="Get Text" owner="SeleniumLibrary">
<msg time="2025-01-21T12:40:59.797990" level="INFO">${LinkText} = Chat</msg>
<var>${LinkText}</var>
<arg>xpath:(//a)[${i}]</arg>
<doc>Returns the text value of the element identified by ``locator``.</doc>
<status status="PASS" start="2025-01-21T12:40:59.773962" elapsed="0.024088"/>
</kw>
<kw name="Log To Console" owner="BuiltIn">
<arg>${LinkText}</arg>
<doc>Logs the given message to the console.</doc>
<status status="PASS" start="2025-01-21T12:40:59.798303" elapsed="0.000335"/>
</kw>
<var name="${i}">73</var>
<status status="PASS" start="2025-01-21T12:40:59.773837" elapsed="0.024881"/>
</iter>
<iter>
<kw name="Get Text" owner="SeleniumLibrary">
<msg time="2025-01-21T12:40:59.822844" level="INFO">${LinkText} = PRODUCTS</msg>
<var>${LinkText}</var>
<arg>xpath:(//a)[${i}]</arg>
<doc>Returns the text value of the element identified by ``locator``.</doc>
<status status="PASS" start="2025-01-21T12:40:59.799040" elapsed="0.023857"/>
</kw>
<kw name="Log To Console" owner="BuiltIn">
<arg>${LinkText}</arg>
<doc>Logs the given message to the console.</doc>
<status status="PASS" start="2025-01-21T12:40:59.823099" elapsed="0.000383"/>
</kw>
<var name="${i}">74</var>
<status status="PASS" start="2025-01-21T12:40:59.798904" elapsed="0.024660"/>
</iter>
<iter>
<kw name="Get Text" owner="SeleniumLibrary">
<msg time="2025-01-21T12:40:59.847596" level="INFO">${LinkText} = Teams</msg>
<var>${LinkText}</var>
<arg>xpath:(//a)[${i}]</arg>
<doc>Returns the text value of the element identified by ``locator``.</doc>
<status status="PASS" start="2025-01-21T12:40:59.823883" elapsed="0.023758"/>
</kw>
<kw name="Log To Console" owner="BuiltIn">
<arg>${LinkText}</arg>
<doc>Logs the given message to the console.</doc>
<status status="PASS" start="2025-01-21T12:40:59.847805" elapsed="0.000401"/>
</kw>
<var name="${i}">75</var>
<status status="PASS" start="2025-01-21T12:40:59.823746" elapsed="0.024533"/>
</iter>
<iter>
<kw name="Get Text" owner="SeleniumLibrary">
<msg time="2025-01-21T12:40:59.871564" level="INFO">${LinkText} = Advertising</msg>
<var>${LinkText}</var>
<arg>xpath:(//a)[${i}]</arg>
<doc>Returns the text value of the element identified by ``locator``.</doc>
<status status="PASS" start="2025-01-21T12:40:59.848619" elapsed="0.023004"/>
</kw>
<kw name="Log To Console" owner="BuiltIn">
<arg>${LinkText}</arg>
<doc>Logs the given message to the console.</doc>
<status status="PASS" start="2025-01-21T12:40:59.871826" elapsed="0.000352"/>
</kw>
<var name="${i}">76</var>
<status status="PASS" start="2025-01-21T12:40:59.848493" elapsed="0.023763"/>
</iter>
<iter>
<kw name="Get Text" owner="SeleniumLibrary">
<msg time="2025-01-21T12:40:59.896325" level="INFO">${LinkText} = Talent</msg>
<var>${LinkText}</var>
<arg>xpath:(//a)[${i}]</arg>
<doc>Returns the text value of the element identified by ``locator``.</doc>
<status status="PASS" start="2025-01-21T12:40:59.872594" elapsed="0.023778"/>
</kw>
<kw name="Log To Console" owner="BuiltIn">
<arg>${LinkText}</arg>
<doc>Logs the given message to the console.</doc>
<status status="PASS" start="2025-01-21T12:40:59.896535" elapsed="0.000354"/>
</kw>
<var name="${i}">77</var>
<status status="PASS" start="2025-01-21T12:40:59.872472" elapsed="0.024488"/>
</iter>
<iter>
<kw name="Get Text" owner="SeleniumLibrary">
<msg time="2025-01-21T12:40:59.920164" level="INFO">${LinkText} = COMPANY</msg>
<var>${LinkText}</var>
<arg>xpath:(//a)[${i}]</arg>
<doc>Returns the text value of the element identified by ``locator``.</doc>
<status status="PASS" start="2025-01-21T12:40:59.897289" elapsed="0.022942"/>
</kw>
<kw name="Log To Console" owner="BuiltIn">
<arg>${LinkText}</arg>
<doc>Logs the given message to the console.</doc>
<status status="PASS" start="2025-01-21T12:40:59.920470" elapsed="0.000337"/>
</kw>
<var name="${i}">78</var>
<status status="PASS" start="2025-01-21T12:40:59.897168" elapsed="0.023720"/>
</iter>
<iter>
<kw name="Get Text" owner="SeleniumLibrary">
<msg time="2025-01-21T12:40:59.944390" level="INFO">${LinkText} = About</msg>
<var>${LinkText}</var>
<arg>xpath:(//a)[${i}]</arg>
<doc>Returns the text value of the element identified by ``locator``.</doc>
<status status="PASS" start="2025-01-21T12:40:59.921371" elapsed="0.023079"/>
</kw>
<kw name="Log To Console" owner="BuiltIn">
<arg>${LinkText}</arg>
<doc>Logs the given message to the console.</doc>
<status status="PASS" start="2025-01-21T12:40:59.944680" elapsed="0.000358"/>
</kw>
<var name="${i}">79</var>
<status status="PASS" start="2025-01-21T12:40:59.921159" elapsed="0.023957"/>
</iter>
<iter>
<kw name="Get Text" owner="SeleniumLibrary">
<msg time="2025-01-21T12:40:59.967799" level="INFO">${LinkText} = Press</msg>
<var>${LinkText}</var>
<arg>xpath:(//a)[${i}]</arg>
<doc>Returns the text value of the element identified by ``locator``.</doc>
<status status="PASS" start="2025-01-21T12:40:59.945437" elapsed="0.022415"/>
</kw>
<kw name="Log To Console" owner="BuiltIn">
<arg>${LinkText}</arg>
<doc>Logs the given message to the console.</doc>
<status status="PASS" start="2025-01-21T12:40:59.968270" elapsed="0.000528"/>
</kw>
<var name="${i}">80</var>
<status status="PASS" start="2025-01-21T12:40:59.945305" elapsed="0.023614"/>
</iter>
<iter>
<kw name="Get Text" owner="SeleniumLibrary">
<msg time="2025-01-21T12:40:59.993402" level="INFO">${LinkText} = Work Here</msg>
<var>${LinkText}</var>
<arg>xpath:(//a)[${i}]</arg>
<doc>Returns the text value of the element identified by ``locator``.</doc>
<status status="PASS" start="2025-01-21T12:40:59.969297" elapsed="0.024165"/>
</kw>
<kw name="Log To Console" owner="BuiltIn">
<arg>${LinkText}</arg>
<doc>Logs the given message to the console.</doc>
<status status="PASS" start="2025-01-21T12:40:59.993708" elapsed="0.000344"/>
</kw>
<var name="${i}">81</var>
<status status="PASS" start="2025-01-21T12:40:59.969120" elapsed="0.025007"/>
</iter>
<iter>
<kw name="Get Text" owner="SeleniumLibrary">
<msg time="2025-01-21T12:41:00.020549" level="INFO">${LinkText} = Legal</msg>
<var>${LinkText}</var>
<arg>xpath:(//a)[${i}]</arg>
<doc>Returns the text value of the element identified by ``locator``.</doc>
<status status="PASS" start="2025-01-21T12:40:59.994461" elapsed="0.026139"/>
</kw>
<kw name="Log To Console" owner="BuiltIn">
<arg>${LinkText}</arg>
<doc>Logs the given message to the console.</doc>
<status status="PASS" start="2025-01-21T12:41:00.020785" elapsed="0.000400"/>
</kw>
<var name="${i}">82</var>
<status status="PASS" start="2025-01-21T12:40:59.994323" elapsed="0.026946"/>
</iter>
<iter>
<kw name="Get Text" owner="SeleniumLibrary">
<msg time="2025-01-21T12:41:00.056983" level="INFO">${LinkText} = Privacy Policy</msg>
<var>${LinkText}</var>
<arg>xpath:(//a)[${i}]</arg>
<doc>Returns the text value of the element identified by ``locator``.</doc>
<status status="PASS" start="2025-01-21T12:41:00.021596" elapsed="0.035451"/>
</kw>
<kw name="Log To Console" owner="BuiltIn">
<arg>${LinkText}</arg>
<doc>Logs the given message to the console.</doc>
<status status="PASS" start="2025-01-21T12:41:00.057266" elapsed="0.000459"/>
</kw>
<var name="${i}">83</var>
<status status="PASS" start="2025-01-21T12:41:00.021477" elapsed="0.036546"/>
</iter>
<iter>
<kw name="Get Text" owner="SeleniumLibrary">
<msg time="2025-01-21T12:41:00.084659" level="INFO">${LinkText} = Terms of Service</msg>
<var>${LinkText}</var>
<arg>xpath:(//a)[${i}]</arg>
<doc>Returns the text value of the element identified by ``locator``.</doc>
<status status="PASS" start="2025-01-21T12:41:00.058411" elapsed="0.026307"/>
</kw>
<kw name="Log To Console" owner="BuiltIn">
<arg>${LinkText}</arg>
<doc>Logs the given message to the console.</doc>
<status status="PASS" start="2025-01-21T12:41:00.084944" elapsed="0.000359"/>
</kw>
<var name="${i}">84</var>
<status status="PASS" start="2025-01-21T12:41:00.058223" elapsed="0.027157"/>
</iter>
<iter>
<kw name="Get Text" owner="SeleniumLibrary">
<msg time="2025-01-21T12:41:00.117424" level="INFO">${LinkText} = Contact Us</msg>
<var>${LinkText}</var>
<arg>xpath:(//a)[${i}]</arg>
<doc>Returns the text value of the element identified by ``locator``.</doc>
<status status="PASS" start="2025-01-21T12:41:00.085711" elapsed="0.031777"/>
</kw>
<kw name="Log To Console" owner="BuiltIn">
<arg>${LinkText}</arg>
<doc>Logs the given message to the console.</doc>
<status status="PASS" start="2025-01-21T12:41:00.117737" elapsed="0.000458"/>
</kw>
<var name="${i}">85</var>
<status status="PASS" start="2025-01-21T12:41:00.085573" elapsed="0.032716"/>
</iter>
<iter>
<kw name="Get Text" owner="SeleniumLibrary">
<msg time="2025-01-21T12:41:00.142842" level="INFO">${LinkText} = Cookie Policy</msg>
<var>${LinkText}</var>
<arg>xpath:(//a)[${i}]</arg>
<doc>Returns the text value of the element identified by ``locator``.</doc>
<status status="PASS" start="2025-01-21T12:41:00.118615" elapsed="0.024282"/>
</kw>
<kw name="Log To Console" owner="BuiltIn">
<arg>${LinkText}</arg>
<doc>Logs the given message to the console.</doc>
<status status="PASS" start="2025-01-21T12:41:00.143093" elapsed="0.000346"/>
</kw>
<var name="${i}">86</var>
<status status="PASS" start="2025-01-21T12:41:00.118487" elapsed="0.025030"/>
</iter>
<iter>
<kw name="Get Text" owner="SeleniumLibrary">
<msg time="2025-01-21T12:41:00.167334" level="INFO">${LinkText} = STACK EXCHANGE NETWORK</msg>
<var>${LinkText}</var>
<arg>xpath:(//a)[${i}]</arg>
<doc>Returns the text value of the element identified by ``locator``.</doc>
<status status="PASS" start="2025-01-21T12:41:00.143852" elapsed="0.023538"/>
</kw>
<kw name="Log To Console" owner="BuiltIn">
<arg>${LinkText}</arg>
<doc>Logs the given message to the console.</doc>
<status status="PASS" start="2025-01-21T12:41:00.167604" elapsed="0.000340"/>
</kw>
<var name="${i}">87</var>
<status status="PASS" start="2025-01-21T12:41:00.143711" elapsed="0.024331"/>
</iter>
<iter>
<kw name="Get Text" owner="SeleniumLibrary">
<msg time="2025-01-21T12:41:00.194883" level="INFO">${LinkText} = Technology</msg>
<var>${LinkText}</var>
<arg>xpath:(//a)[${i}]</arg>
<doc>Returns the text value of the element identified by ``locator``.</doc>
<status status="PASS" start="2025-01-21T12:41:00.168403" elapsed="0.026538"/>
</kw>
<kw name="Log To Console" owner="BuiltIn">
<arg>${LinkText}</arg>
<doc>Logs the given message to the console.</doc>
<status status="PASS" start="2025-01-21T12:41:00.195189" elapsed="0.000503"/>
</kw>
<var name="${i}">88</var>
<status status="PASS" start="2025-01-21T12:41:00.168264" elapsed="0.027553"/>
</iter>
<iter>
<kw name="Get Text" owner="SeleniumLibrary">
<msg time="2025-01-21T12:41:00.224082" level="INFO">${LinkText} = Culture &amp; recreation</msg>
<var>${LinkText}</var>
<arg>xpath:(//a)[${i}]</arg>
<doc>Returns the text value of the element identified by ``locator``.</doc>
<status status="PASS" start="2025-01-21T12:41:00.196370" elapsed="0.027770"/>
</kw>
<kw name="Log To Console" owner="BuiltIn">
<arg>${LinkText}</arg>
<doc>Logs the given message to the console.</doc>
<status status="PASS" start="2025-01-21T12:41:00.224407" elapsed="0.000479"/>
</kw>
<var name="${i}">89</var>
<status status="PASS" start="2025-01-21T12:41:00.196146" elapsed="0.028860"/>
</iter>
<iter>
<kw name="Get Text" owner="SeleniumLibrary">
<msg time="2025-01-21T12:41:00.254090" level="INFO">${LinkText} = Life &amp; arts</msg>
<var>${LinkText}</var>
<arg>xpath:(//a)[${i}]</arg>
<doc>Returns the text value of the element identified by ``locator``.</doc>
<status status="PASS" start="2025-01-21T12:41:00.225528" elapsed="0.028621"/>
</kw>
<kw name="Log To Console" owner="BuiltIn">
<arg>${LinkText}</arg>
<doc>Logs the given message to the console.</doc>
<status status="PASS" start="2025-01-21T12:41:00.254358" elapsed="0.000402"/>
</kw>
<var name="${i}">90</var>
<status status="PASS" start="2025-01-21T12:41:00.225356" elapsed="0.029513"/>
</iter>
<iter>
<kw name="Get Text" owner="SeleniumLibrary">
<msg time="2025-01-21T12:41:00.279559" level="INFO">${LinkText} = Science</msg>
<var>${LinkText}</var>
<arg>xpath:(//a)[${i}]</arg>
<doc>Returns the text value of the element identified by ``locator``.</doc>
<status status="PASS" start="2025-01-21T12:41:00.255411" elapsed="0.024206"/>
</kw>
<kw name="Log To Console" owner="BuiltIn">
<arg>${LinkText}</arg>
<doc>Logs the given message to the console.</doc>
<status status="PASS" start="2025-01-21T12:41:00.279858" elapsed="0.000462"/>
</kw>
<var name="${i}">91</var>
<status status="PASS" start="2025-01-21T12:41:00.255179" elapsed="0.025234"/>
</iter>
<iter>
<kw name="Get Text" owner="SeleniumLibrary">
<msg time="2025-01-21T12:41:00.302828" level="INFO">${LinkText} = Professional</msg>
<var>${LinkText}</var>
<arg>xpath:(//a)[${i}]</arg>
<doc>Returns the text value of the element identified by ``locator``.</doc>
<status status="PASS" start="2025-01-21T12:41:00.280722" elapsed="0.022163"/>
</kw>
<kw name="Log To Console" owner="BuiltIn">
<arg>${LinkText}</arg>
<doc>Logs the given message to the console.</doc>
<status status="PASS" start="2025-01-21T12:41:00.303116" elapsed="0.000327"/>
</kw>
<var name="${i}">92</var>
<status status="PASS" start="2025-01-21T12:41:00.280585" elapsed="0.022936"/>
</iter>
<iter>
<kw name="Get Text" owner="SeleniumLibrary">
<msg time="2025-01-21T12:41:00.327311" level="INFO">${LinkText} = Business</msg>
<var>${LinkText}</var>
<arg>xpath:(//a)[${i}]</arg>
<doc>Returns the text value of the element identified by ``locator``.</doc>
<status status="PASS" start="2025-01-21T12:41:00.303862" elapsed="0.023509"/>
</kw>
<kw name="Log To Console" owner="BuiltIn">
<arg>${LinkText}</arg>
<doc>Logs the given message to the console.</doc>
<status status="PASS" start="2025-01-21T12:41:00.327614" elapsed="0.000399"/>
</kw>
<var name="${i}">93</var>
<status status="PASS" start="2025-01-21T12:41:00.303711" elapsed="0.024407"/>
</iter>
<iter>
<kw name="Get Text" owner="SeleniumLibrary">
<msg time="2025-01-21T12:41:00.351812" level="INFO">${LinkText} = API</msg>
<var>${LinkText}</var>
<arg>xpath:(//a)[${i}]</arg>
<doc>Returns the text value of the element identified by ``locator``.</doc>
<status status="PASS" start="2025-01-21T12:41:00.328503" elapsed="0.023367"/>
</kw>
<kw name="Log To Console" owner="BuiltIn">
<arg>${LinkText}</arg>
<doc>Logs the given message to the console.</doc>
<status status="PASS" start="2025-01-21T12:41:00.352103" elapsed="0.000360"/>
</kw>
<var name="${i}">94</var>
<status status="PASS" start="2025-01-21T12:41:00.328318" elapsed="0.024243"/>
</iter>
<iter>
<kw name="Get Text" owner="SeleniumLibrary">
<msg time="2025-01-21T12:41:00.377111" level="INFO">${LinkText} = Data</msg>
<var>${LinkText}</var>
<arg>xpath:(//a)[${i}]</arg>
<doc>Returns the text value of the element identified by ``locator``.</doc>
<status status="PASS" start="2025-01-21T12:41:00.352920" elapsed="0.024248"/>
</kw>
<kw name="Log To Console" owner="BuiltIn">
<arg>${LinkText}</arg>
<doc>Logs the given message to the console.</doc>
<status status="PASS" start="2025-01-21T12:41:00.377404" elapsed="0.000327"/>
</kw>
<var name="${i}">95</var>
<status status="PASS" start="2025-01-21T12:41:00.352768" elapsed="0.025040"/>
</iter>
<iter>
<kw name="Get Text" owner="SeleniumLibrary">
<msg time="2025-01-21T12:41:00.402899" level="INFO">${LinkText} = Blog</msg>
<var>${LinkText}</var>
<arg>xpath:(//a)[${i}]</arg>
<doc>Returns the text value of the element identified by ``locator``.</doc>
<status status="PASS" start="2025-01-21T12:41:00.378213" elapsed="0.024738"/>
</kw>
<kw name="Log To Console" owner="BuiltIn">
<arg>${LinkText}</arg>
<doc>Logs the given message to the console.</doc>
<status status="PASS" start="2025-01-21T12:41:00.403150" elapsed="0.000340"/>
</kw>
<var name="${i}">96</var>
<status status="PASS" start="2025-01-21T12:41:00.378072" elapsed="0.025497"/>
</iter>
<iter>
<kw name="Get Text" owner="SeleniumLibrary">
<msg time="2025-01-21T12:41:00.426597" level="INFO">${LinkText} = Facebook</msg>
<var>${LinkText}</var>
<arg>xpath:(//a)[${i}]</arg>
<doc>Returns the text value of the element identified by ``locator``.</doc>
<status status="PASS" start="2025-01-21T12:41:00.403897" elapsed="0.022758"/>
</kw>
<kw name="Log To Console" owner="BuiltIn">
<arg>${LinkText}</arg>
<doc>Logs the given message to the console.</doc>
<status status="PASS" start="2025-01-21T12:41:00.426860" elapsed="0.000355"/>
</kw>
<var name="${i}">97</var>
<status status="PASS" start="2025-01-21T12:41:00.403758" elapsed="0.023542"/>
</iter>
<iter>
<kw name="Get Text" owner="SeleniumLibrary">
<msg time="2025-01-21T12:41:00.451802" level="INFO">${LinkText} = Twitter</msg>
<var>${LinkText}</var>
<arg>xpath:(//a)[${i}]</arg>
<doc>Returns the text value of the element identified by ``locator``.</doc>
<status status="PASS" start="2025-01-21T12:41:00.427632" elapsed="0.024229"/>
</kw>
<kw name="Log To Console" owner="BuiltIn">
<arg>${LinkText}</arg>
<doc>Logs the given message to the console.</doc>
<status status="PASS" start="2025-01-21T12:41:00.452068" elapsed="0.000353"/>
</kw>
<var name="${i}">98</var>
<status status="PASS" start="2025-01-21T12:41:00.427495" elapsed="0.025031"/>
</iter>
<iter>
<kw name="Get Text" owner="SeleniumLibrary">
<msg time="2025-01-21T12:41:00.476083" level="INFO">${LinkText} = LinkedIn</msg>
<var>${LinkText}</var>
<arg>xpath:(//a)[${i}]</arg>
<doc>Returns the text value of the element identified by ``locator``.</doc>
<status status="PASS" start="2025-01-21T12:41:00.452887" elapsed="0.023256"/>
</kw>
<kw name="Log To Console" owner="BuiltIn">
<arg>${LinkText}</arg>
<doc>Logs the given message to the console.</doc>
<status status="PASS" start="2025-01-21T12:41:00.476350" elapsed="0.000387"/>
</kw>
<var name="${i}">99</var>
<status status="PASS" start="2025-01-21T12:41:00.452738" elapsed="0.024143"/>
</iter>
<iter>
<kw name="Get Text" owner="SeleniumLibrary">
<msg time="2025-01-21T12:41:00.498593" level="INFO">${LinkText} = Instagram</msg>
<var>${LinkText}</var>
<arg>xpath:(//a)[${i}]</arg>
<doc>Returns the text value of the element identified by ``locator``.</doc>
<status status="PASS" start="2025-01-21T12:41:00.477343" elapsed="0.021316"/>
</kw>
<kw name="Log To Console" owner="BuiltIn">
<arg>${LinkText}</arg>
<doc>Logs the given message to the console.</doc>
<status status="PASS" start="2025-01-21T12:41:00.498891" elapsed="0.000349"/>
</kw>
<var name="${i}">100</var>
<status status="PASS" start="2025-01-21T12:41:00.477141" elapsed="0.022185"/>
</iter>
<iter>
<kw name="Get Text" owner="SeleniumLibrary">
<msg time="2025-01-21T12:41:00.521606" level="INFO">${LinkText} = CC BY-SA</msg>
<var>${LinkText}</var>
<arg>xpath:(//a)[${i}]</arg>
<doc>Returns the text value of the element identified by ``locator``.</doc>
<status status="PASS" start="2025-01-21T12:41:00.499755" elapsed="0.021911"/>
</kw>
<kw name="Log To Console" owner="BuiltIn">
<arg>${LinkText}</arg>
<doc>Logs the given message to the console.</doc>
<status status="PASS" start="2025-01-21T12:41:00.521871" elapsed="0.000360"/>
</kw>
<var name="${i}">101</var>
<status status="PASS" start="2025-01-21T12:41:00.499584" elapsed="0.022739"/>
</iter>
<var>${i}</var>
<value>1</value>
<value>${AllLinksCount}+1</value>
<status status="PASS" start="2025-01-21T12:40:57.894294" elapsed="2.628128"/>
</for>
<status status="PASS" start="2025-01-21T12:40:45.366271" elapsed="15.156464"/>
</test>
<status status="PASS" start="2025-01-21T12:40:45.047550" elapsed="15.476017"/>
</suite>
<statistics>
<total>
<stat pass="1" fail="0" skip="0">All Tests</stat>
</total>
<tag>
</tag>
<suite>
<stat pass="1" fail="0" skip="0" id="s1" name="GetAllLinks">GetAllLinks</stat>
</suite>
</statistics>
<errors>
</errors>
</robot>
